<?xml version="1.0" encoding="UTF-8"?>
<testng-results skipped="0" failed="0" ignored="0" total="2" passed="2">
  <reporter-output>
  </reporter-output>
  <suite name="Default suite" duration-ms="36" started-at="2017-03-21T15:48:26Z" finished-at="2017-03-21T15:48:26Z">
    <groups>
    </groups>
    <test name="Default test" duration-ms="36" started-at="2017-03-21T15:48:26Z" finished-at="2017-03-21T15:48:26Z">
      <class name="DataProvider">
        <test-method status="PASS" signature="setData(java.lang.String, java.lang.String)[pri:0, instance:DataProvider@3c756e4d]" name="setData" duration-ms="9" started-at="2017-03-21T21:18:26Z" data-provider="getData" finished-at="2017-03-21T21:18:26Z">
          <params>
            <param index="0">
              <value>
                <![CDATA[sampleuser1]]>
              </value>
            </param>
            <param index="1">
              <value>
                <![CDATA[abcdef]]>
              </value>
            </param>
          </params>
          <reporter-output>
          </reporter-output>
        </test-method> <!-- setData -->
        <test-method status="PASS" signature="setData(java.lang.String, java.lang.String)[pri:0, instance:DataProvider@3c756e4d]" name="setData" duration-ms="2" started-at="2017-03-21T21:18:26Z" data-provider="getData" finished-at="2017-03-21T21:18:26Z">
          <params>
            <param index="0">
              <value>
                <![CDATA[testuser2]]>
              </value>
            </param>
            <param index="1">
              <value>
                <![CDATA[zxcvb]]>
              </value>
            </param>
          </params>
          <reporter-output>
          </reporter-output>
        </test-method> <!-- setData -->
      </class> <!-- DataProvider -->
    </test> <!-- Default test -->
  </suite> <!-- Default suite -->
</testng-results>
